c:\users\remoa\documents\blurengine\blue development\include\libconfig\lib\libconfig++.release\vc142.pdb
c:\users\remoa\documents\blurengine\blue development\include\libconfig\lib\libconfig++.release\wincompat.obj
c:\users\remoa\documents\blurengine\blue development\include\libconfig\lib\libconfig++.release\util.obj
c:\users\remoa\documents\blurengine\blue development\include\libconfig\lib\libconfig++.release\strvec.obj
c:\users\remoa\documents\blurengine\blue development\include\libconfig\lib\libconfig++.release\strbuf.obj
c:\users\remoa\documents\blurengine\blue development\include\libconfig\lib\libconfig++.release\scanner.obj
c:\users\remoa\documents\blurengine\blue development\include\libconfig\lib\libconfig++.release\scanctx.obj
c:\users\remoa\documents\blurengine\blue development\include\libconfig\lib\libconfig++.release\libconfig.obj
c:\users\remoa\documents\blurengine\blue development\include\libconfig\lib\libconfig++.release\grammar.obj
c:\users\remoa\documents\blurengine\blue development\include\libconfig\lib\libconfig++.release\libconfigcpp.obj
c:\dev\programs\c++\blue\release\libconfig++.lib
c:\dev\programs\c++\blue\release\libconfig++.exp
c:\dev\programs\c++\blue\release\libconfig++.ipdb
c:\dev\programs\c++\blue\release\libconfig++.iobj
c:\users\remoa\documents\blurengine\blue-main\release\libconfig++.lib
c:\users\remoa\documents\blurengine\blue-main\release\libconfig++.exp
c:\users\remoa\documents\blurengine\blue development\release\libconfig++.lib
c:\users\remoa\documents\blurengine\blue development\release\libconfig++.exp
c:\users\remoa\documents\blurengine\blue development\release\libconfig++.dll
c:\users\remoa\documents\blurengine\blue development\include\libconfig\lib\libconfig++.release\libconfig++.ipdb
c:\users\remoa\documents\blurengine\blue development\include\libconfig\lib\libconfig++.release\libconfig++.iobj
c:\users\remoa\documents\blurengine\blue development\release\libconfig++.pdb
c:\users\remoa\documents\blurengine\blue development\include\libconfig\lib\libconfig++.release\libconfig++.tlog\cl.command.1.tlog
c:\users\remoa\documents\blurengine\blue development\include\libconfig\lib\libconfig++.release\libconfig++.tlog\cl.read.1.tlog
c:\users\remoa\documents\blurengine\blue development\include\libconfig\lib\libconfig++.release\libconfig++.tlog\cl.write.1.tlog
c:\users\remoa\documents\blurengine\blue development\include\libconfig\lib\libconfig++.release\libconfig++.tlog\libconfig++.write.1u.tlog
c:\users\remoa\documents\blurengine\blue development\include\libconfig\lib\libconfig++.release\libconfig++.tlog\link.command.1.tlog
c:\users\remoa\documents\blurengine\blue development\include\libconfig\lib\libconfig++.release\libconfig++.tlog\link.read.1.tlog
c:\users\remoa\documents\blurengine\blue development\include\libconfig\lib\libconfig++.release\libconfig++.tlog\link.write.1.tlog
